2025-08-13 21:10:17,084 - {'message': 'Stock NIFTY subscribed successfully'}
2025-08-13 21:10:17,213 - {'message': 'Stock NIFTY subscribed successfully'}
2025-08-13 21:10:17,322 - {'message': 'Stock NIFTY subscribed successfully'}
2025-08-13 21:10:17,423 - {'message': 'Stock NIFTY subscribed successfully'}
2025-08-13 21:10:17,531 - {'message': 'Stock NIFTY subscribed successfully'}
2025-08-13 21:10:17,633 - {'message': 'Stock NIFTY subscribed successfully'}
2025-08-13 21:10:17,741 - {'message': 'Stock NIFTY subscribed successfully'}
2025-08-13 21:10:17,847 - {'message': 'Stock NIFTY subscribed successfully'}
2025-08-13 21:10:17,953 - {'message': 'Stock NIFTY subscribed successfully'}
2025-08-13 21:10:18,055 - {'message': 'Stock NIFTY subscribed successfully'}
2025-08-13 21:10:18,203 - {'message': 'Stock NIFTY subscribed successfully'}
2025-08-13 21:10:18,308 - {'message': 'Stock NIFTY subscribed successfully'}
2025-08-13 21:10:18,416 - {'message': 'Stock NIFTY subscribed successfully'}
2025-08-13 21:10:18,522 - {'message': 'Stock NIFTY subscribed successfully'}
2025-08-13 21:10:18,628 - {'message': 'Stock NIFTY subscribed successfully'}
2025-08-13 21:10:18,730 - {'message': 'Stock NIFTY subscribed successfully'}
2025-08-13 21:10:18,844 - {'message': 'Stock NIFTY subscribed successfully'}
2025-08-13 21:10:18,950 - {'message': 'Stock NIFTY subscribed successfully'}
2025-08-13 21:10:31,721 - {'message': 'Stock NIFTY subscribed successfully'}
2025-08-13 21:10:31,922 - {'message': 'Stock NIFTY subscribed successfully'}
2025-08-13 21:21:15,034 - {'message': 'Stock NIFTY subscribed successfully'}
2025-08-13 21:21:15,135 - {'message': 'Stock NIFTY subscribed successfully'}
2025-08-13 21:21:15,242 - {'message': 'Stock NIFTY subscribed successfully'}
2025-08-13 21:21:15,344 - {'message': 'Stock NIFTY subscribed successfully'}
2025-08-13 21:21:15,450 - {'message': 'Stock NIFTY subscribed successfully'}
2025-08-13 21:21:15,553 - {'message': 'Stock NIFTY subscribed successfully'}
2025-08-13 21:21:15,661 - {'message': 'Stock NIFTY subscribed successfully'}
2025-08-13 21:21:15,762 - {'message': 'Stock NIFTY subscribed successfully'}
2025-08-13 21:21:15,870 - {'message': 'Stock NIFTY subscribed successfully'}
2025-08-13 21:21:15,970 - {'message': 'Stock NIFTY subscribed successfully'}
2025-08-13 21:21:16,077 - {'message': 'Stock NIFTY subscribed successfully'}
2025-08-13 21:21:16,178 - {'message': 'Stock NIFTY subscribed successfully'}
2025-08-13 21:21:16,285 - {'message': 'Stock NIFTY subscribed successfully'}
2025-08-13 21:21:16,386 - {'message': 'Stock NIFTY subscribed successfully'}
2025-08-13 21:21:16,492 - {'message': 'Stock NIFTY subscribed successfully'}
2025-08-13 21:21:16,592 - {'message': 'Stock NIFTY subscribed successfully'}
2025-08-13 21:21:16,698 - {'message': 'Stock NIFTY subscribed successfully'}
2025-08-13 21:21:16,799 - {'message': 'Stock NIFTY subscribed successfully'}
2025-08-13 21:21:29,546 - {'message': 'Stock NIFTY subscribed successfully'}
2025-08-13 21:21:29,747 - {'message': 'Stock NIFTY subscribed successfully'}
2025-08-13 21:23:45,377 - {'message': 'Stock HDFBAN subscribed successfully'}
2025-08-13 21:23:45,482 - {'message': 'Stock ICIBAN subscribed successfully'}
2025-08-13 21:23:45,587 - {'message': 'Stock RELIND subscribed successfully'}
2025-08-13 21:23:45,691 - {'message': 'Stock INFTEC subscribed successfully'}
2025-08-13 21:23:45,796 - {'message': 'Stock BHAAIR subscribed successfully'}
2025-08-13 21:23:45,900 - {'message': 'Stock LARTOU subscribed successfully'}
2025-08-13 21:23:46,007 - {'message': 'Stock ITC subscribed successfully'}
2025-08-13 21:23:46,111 - {'message': 'Stock STABAN subscribed successfully'}
2025-08-13 21:23:46,215 - {'message': 'Stock TCS subscribed successfully'}
2025-08-13 21:23:46,320 - {'message': 'Stock AXIBAN subscribed successfully'}
2025-08-13 21:23:46,426 - {'message': 'Stock KOTMAH subscribed successfully'}
2025-08-13 21:23:46,529 - {'message': 'Stock MAHMAH subscribed successfully'}
2025-08-13 21:23:46,648 - {'message': 'Stock BAJFI subscribed successfully'}
2025-08-13 21:23:46,756 - {'message': 'Stock HINLEV subscribed successfully'}
2025-08-13 21:23:46,861 - {'message': 'Stock ZOMLIM subscribed successfully'}
2025-08-13 21:23:46,966 - {'message': 'Stock SUNPHA subscribed successfully'}
2025-08-13 21:23:47,075 - {'message': 'Stock MARUTI subscribed successfully'}
2025-08-13 21:23:47,179 - {'message': 'Stock NTPC subscribed successfully'}
2025-08-13 21:23:47,284 - {'message': 'Stock HCLTEC subscribed successfully'}
2025-08-13 21:23:47,387 - {'message': 'Stock ULTCEM subscribed successfully'}
2025-08-13 21:23:47,495 - {'message': 'Stock TITIND subscribed successfully'}
2025-08-13 21:23:47,599 - {'message': 'Stock TATMOT subscribed successfully'}
2025-08-13 21:23:47,708 - {'message': 'Stock BHAELE subscribed successfully'}
2025-08-13 21:23:47,812 - {'message': 'Stock TATSTE subscribed successfully'}
2025-08-13 21:23:47,920 - {'message': 'Stock POWGRI subscribed successfully'}
2025-08-13 21:23:48,023 - {'message': 'Stock TRENT subscribed successfully'}
2025-08-13 21:23:48,132 - {'message': 'Stock ASIPAI subscribed successfully'}
2025-08-13 21:23:48,235 - {'message': 'Stock JIOFIN subscribed successfully'}
2025-08-13 21:23:48,341 - {'message': 'Stock GRASIM subscribed successfully'}
2025-08-13 21:23:48,448 - {'message': 'Stock BAFINS subscribed successfully'}
2025-08-13 21:23:48,554 - {'message': 'Stock JSWSTE subscribed successfully'}
2025-08-13 21:23:48,657 - {'message': 'Stock ADAPOR subscribed successfully'}
2025-08-13 21:23:48,779 - {'message': 'Stock HINDAL subscribed successfully'}
2025-08-13 21:23:48,883 - {'message': 'Stock TECMAH subscribed successfully'}
2025-08-13 21:23:48,988 - {'message': 'Stock BAAUTO subscribed successfully'}
2025-08-13 21:23:49,092 - {'message': 'Stock ONGC subscribed successfully'}
2025-08-13 21:23:49,198 - {'message': 'Stock COALIN subscribed successfully'}
2025-08-13 21:23:49,302 - {'message': 'Stock SHRTRA subscribed successfully'}
2025-08-13 21:23:49,411 - {'message': 'Stock CIPLA subscribed successfully'}
2025-08-13 21:23:49,514 - {'message': 'Stock HDFSTA subscribed successfully'}
2025-08-13 21:23:49,619 - {'message': 'Stock SBILIF subscribed successfully'}
2025-08-13 21:23:49,723 - {'message': 'Stock NESIND subscribed successfully'}
2025-08-13 21:23:49,827 - {'message': 'Stock EICMOT subscribed successfully'}
2025-08-13 21:23:49,929 - {'message': 'Stock DRREDD subscribed successfully'}
2025-08-13 21:23:50,036 - {'message': 'Stock APOHOS subscribed successfully'}
2025-08-13 21:23:50,139 - {'message': 'Stock WIPRO subscribed successfully'}
2025-08-13 21:23:50,249 - {'message': 'Stock TATGLO subscribed successfully'}
2025-08-13 21:23:50,352 - {'message': 'Stock HERHON subscribed successfully'}
2025-08-13 21:23:50,458 - {'message': 'Stock ADAENT subscribed successfully'}
2025-08-13 21:23:50,562 - {'message': 'Stock INDBA subscribed successfully'}
2025-08-13 21:40:03,737 - {'message': 'Stock NIFTY subscribed successfully'}
2025-08-13 21:40:03,838 - {'message': 'Stock NIFTY subscribed successfully'}
2025-08-13 21:40:03,946 - {'message': 'Stock NIFTY subscribed successfully'}
2025-08-13 21:40:04,052 - {'message': 'Stock NIFTY subscribed successfully'}
2025-08-13 21:40:04,158 - {'message': 'Stock NIFTY subscribed successfully'}
2025-08-13 21:40:04,272 - {'message': 'Stock NIFTY subscribed successfully'}
2025-08-13 21:40:04,380 - {'message': 'Stock NIFTY subscribed successfully'}
2025-08-13 21:40:04,482 - {'message': 'Stock NIFTY subscribed successfully'}
2025-08-13 21:40:04,588 - {'message': 'Stock NIFTY subscribed successfully'}
2025-08-13 21:40:04,689 - {'message': 'Stock NIFTY subscribed successfully'}
2025-08-13 21:40:04,797 - {'message': 'Stock NIFTY subscribed successfully'}
2025-08-13 21:40:04,898 - {'message': 'Stock NIFTY subscribed successfully'}
2025-08-13 21:40:05,005 - {'message': 'Stock NIFTY subscribed successfully'}
2025-08-13 21:40:05,107 - {'message': 'Stock NIFTY subscribed successfully'}
2025-08-13 21:40:05,213 - {'message': 'Stock NIFTY subscribed successfully'}
2025-08-13 21:40:05,315 - {'message': 'Stock NIFTY subscribed successfully'}
2025-08-13 21:40:05,423 - {'message': 'Stock NIFTY subscribed successfully'}
2025-08-13 21:40:05,524 - {'message': 'Stock NIFTY subscribed successfully'}
2025-08-13 21:40:18,358 - {'message': 'Stock NIFTY subscribed successfully'}
2025-08-13 21:40:18,559 - {'message': 'Stock NIFTY subscribed successfully'}
2025-08-13 21:40:29,883 - {'message': 'Stock HDFBAN subscribed successfully'}
2025-08-13 21:40:29,987 - {'message': 'Stock ICIBAN subscribed successfully'}
2025-08-13 21:40:30,091 - {'message': 'Stock RELIND subscribed successfully'}
2025-08-13 21:40:30,194 - {'message': 'Stock INFTEC subscribed successfully'}
2025-08-13 21:40:30,298 - {'message': 'Stock BHAAIR subscribed successfully'}
2025-08-13 21:40:30,402 - {'message': 'Stock LARTOU subscribed successfully'}
2025-08-13 21:40:30,507 - {'message': 'Stock ITC subscribed successfully'}
2025-08-13 21:40:30,611 - {'message': 'Stock STABAN subscribed successfully'}
2025-08-13 21:40:30,718 - {'message': 'Stock TCS subscribed successfully'}
2025-08-13 21:40:30,822 - {'message': 'Stock AXIBAN subscribed successfully'}
2025-08-13 21:40:30,926 - {'message': 'Stock KOTMAH subscribed successfully'}
2025-08-13 21:40:31,030 - {'message': 'Stock MAHMAH subscribed successfully'}
2025-08-13 21:40:31,141 - {'message': 'Stock BAJFI subscribed successfully'}
2025-08-13 21:40:31,245 - {'message': 'Stock HINLEV subscribed successfully'}
2025-08-13 21:40:31,358 - {'message': 'Stock ZOMLIM subscribed successfully'}
2025-08-13 21:40:31,462 - {'message': 'Stock SUNPHA subscribed successfully'}
2025-08-13 21:40:31,569 - {'message': 'Stock MARUTI subscribed successfully'}
2025-08-13 21:40:31,673 - {'message': 'Stock NTPC subscribed successfully'}
2025-08-13 21:40:31,790 - {'message': 'Stock HCLTEC subscribed successfully'}
2025-08-13 21:40:31,893 - {'message': 'Stock ULTCEM subscribed successfully'}
2025-08-13 21:40:31,998 - {'message': 'Stock TITIND subscribed successfully'}
2025-08-13 21:40:32,101 - {'message': 'Stock TATMOT subscribed successfully'}
2025-08-13 21:40:32,207 - {'message': 'Stock BHAELE subscribed successfully'}
2025-08-13 21:40:32,311 - {'message': 'Stock TATSTE subscribed successfully'}
2025-08-13 21:40:32,419 - {'message': 'Stock POWGRI subscribed successfully'}
2025-08-13 21:40:32,521 - {'message': 'Stock TRENT subscribed successfully'}
2025-08-13 21:40:32,628 - {'message': 'Stock ASIPAI subscribed successfully'}
2025-08-13 21:40:32,732 - {'message': 'Stock JIOFIN subscribed successfully'}
2025-08-13 21:40:32,838 - {'message': 'Stock GRASIM subscribed successfully'}
2025-08-13 21:40:32,941 - {'message': 'Stock BAFINS subscribed successfully'}
2025-08-13 21:40:33,043 - {'message': 'Stock JSWSTE subscribed successfully'}
2025-08-13 21:40:33,146 - {'message': 'Stock ADAPOR subscribed successfully'}
2025-08-13 21:40:33,252 - {'message': 'Stock HINDAL subscribed successfully'}
2025-08-13 21:40:33,355 - {'message': 'Stock TECMAH subscribed successfully'}
2025-08-13 21:40:33,461 - {'message': 'Stock BAAUTO subscribed successfully'}
2025-08-13 21:40:33,564 - {'message': 'Stock ONGC subscribed successfully'}
2025-08-13 21:40:33,669 - {'message': 'Stock COALIN subscribed successfully'}
2025-08-13 21:40:33,772 - {'message': 'Stock SHRTRA subscribed successfully'}
2025-08-13 21:40:33,877 - {'message': 'Stock CIPLA subscribed successfully'}
2025-08-13 21:40:33,981 - {'message': 'Stock HDFSTA subscribed successfully'}
2025-08-13 21:40:34,086 - {'message': 'Stock SBILIF subscribed successfully'}
2025-08-13 21:40:34,189 - {'message': 'Stock NESIND subscribed successfully'}
2025-08-13 21:40:34,295 - {'message': 'Stock EICMOT subscribed successfully'}
2025-08-13 21:40:34,399 - {'message': 'Stock DRREDD subscribed successfully'}
2025-08-13 21:40:34,505 - {'message': 'Stock APOHOS subscribed successfully'}
2025-08-13 21:40:34,608 - {'message': 'Stock WIPRO subscribed successfully'}
2025-08-13 21:40:34,713 - {'message': 'Stock TATGLO subscribed successfully'}
2025-08-13 21:40:34,817 - {'message': 'Stock HERHON subscribed successfully'}
2025-08-13 21:40:34,921 - {'message': 'Stock ADAENT subscribed successfully'}
2025-08-13 21:40:35,024 - {'message': 'Stock INDBA subscribed successfully'}
2025-08-14 05:59:20,912 - {'message': 'Stock NIFTY subscribed successfully'}
2025-08-14 05:59:21,044 - {'message': 'Stock NIFTY subscribed successfully'}
2025-08-14 05:59:21,162 - {'message': 'Stock NIFTY subscribed successfully'}
2025-08-14 05:59:21,263 - {'message': 'Stock NIFTY subscribed successfully'}
2025-08-14 05:59:21,374 - {'message': 'Stock NIFTY subscribed successfully'}
2025-08-14 05:59:21,476 - {'message': 'Stock NIFTY subscribed successfully'}
2025-08-14 05:59:21,586 - {'message': 'Stock NIFTY subscribed successfully'}
2025-08-14 05:59:21,687 - {'message': 'Stock NIFTY subscribed successfully'}
2025-08-14 05:59:21,810 - {'message': 'Stock NIFTY subscribed successfully'}
2025-08-14 05:59:21,911 - {'message': 'Stock NIFTY subscribed successfully'}
2025-08-14 05:59:22,031 - {'message': 'Stock NIFTY subscribed successfully'}
2025-08-14 05:59:22,134 - {'message': 'Stock NIFTY subscribed successfully'}
2025-08-14 05:59:22,252 - {'message': 'Stock NIFTY subscribed successfully'}
2025-08-14 05:59:22,354 - {'message': 'Stock NIFTY subscribed successfully'}
2025-08-14 05:59:22,472 - {'message': 'Stock NIFTY subscribed successfully'}
2025-08-14 05:59:22,574 - {'message': 'Stock NIFTY subscribed successfully'}
2025-08-14 05:59:22,695 - {'message': 'Stock NIFTY subscribed successfully'}
2025-08-14 05:59:22,797 - {'message': 'Stock NIFTY subscribed successfully'}
2025-08-14 05:59:22,915 - {'message': 'Stock NIFTY subscribed successfully'}
2025-08-14 05:59:23,017 - {'message': 'Stock NIFTY subscribed successfully'}
2025-08-14 05:59:23,129 - {'message': 'Stock NIFTY subscribed successfully'}
2025-08-14 05:59:23,230 - {'message': 'Stock NIFTY subscribed successfully'}
2025-08-14 05:59:23,348 - {'message': 'Stock NIFTY subscribed successfully'}
2025-08-14 05:59:23,450 - {'message': 'Stock NIFTY subscribed successfully'}
2025-08-14 05:59:23,569 - {'message': 'Stock NIFTY subscribed successfully'}
2025-08-14 05:59:23,670 - {'message': 'Stock NIFTY subscribed successfully'}
2025-08-14 05:59:23,789 - {'message': 'Stock NIFTY subscribed successfully'}
2025-08-14 05:59:23,896 - {'message': 'Stock NIFTY subscribed successfully'}
2025-08-14 05:59:24,017 - {'message': 'Stock NIFTY subscribed successfully'}
2025-08-14 05:59:24,122 - {'message': 'Stock NIFTY subscribed successfully'}
2025-08-14 05:59:24,240 - {'message': 'Stock NIFTY subscribed successfully'}
2025-08-14 05:59:24,342 - {'message': 'Stock NIFTY subscribed successfully'}
2025-08-14 05:59:24,462 - {'message': 'Stock NIFTY subscribed successfully'}
2025-08-14 05:59:24,563 - {'message': 'Stock NIFTY subscribed successfully'}
2025-08-14 06:00:23,568 - {'message': 'Stock NIFTY subscribed successfully'}
2025-08-14 06:00:23,771 - {'message': 'Stock NIFTY subscribed successfully'}
2025-08-14 06:01:18,208 - {'message': 'Stock HDFBAN subscribed successfully'}
2025-08-14 06:01:18,316 - {'message': 'Stock ICIBAN subscribed successfully'}
2025-08-14 06:01:18,430 - {'message': 'Stock RELIND subscribed successfully'}
2025-08-14 06:01:18,540 - {'message': 'Stock INFTEC subscribed successfully'}
2025-08-14 06:01:18,651 - {'message': 'Stock BHAAIR subscribed successfully'}
2025-08-14 06:01:18,757 - {'message': 'Stock LARTOU subscribed successfully'}
2025-08-14 06:01:18,866 - {'message': 'Stock ITC subscribed successfully'}
2025-08-14 06:01:18,976 - {'message': 'Stock STABAN subscribed successfully'}
2025-08-14 06:01:19,088 - {'message': 'Stock TCS subscribed successfully'}
2025-08-14 06:01:19,197 - {'message': 'Stock AXIBAN subscribed successfully'}
2025-08-14 06:01:19,308 - {'message': 'Stock KOTMAH subscribed successfully'}
2025-08-14 06:01:19,417 - {'message': 'Stock MAHMAH subscribed successfully'}
2025-08-14 06:01:19,522 - {'message': 'Stock BAJFI subscribed successfully'}
2025-08-14 06:01:19,635 - {'message': 'Stock HINLEV subscribed successfully'}
2025-08-14 06:01:19,764 - {'message': 'Stock ZOMLIM subscribed successfully'}
2025-08-14 06:01:19,876 - {'message': 'Stock SUNPHA subscribed successfully'}
2025-08-14 06:01:19,989 - {'message': 'Stock MARUTI subscribed successfully'}
2025-08-14 06:01:20,099 - {'message': 'Stock NTPC subscribed successfully'}
2025-08-14 06:01:20,207 - {'message': 'Stock HCLTEC subscribed successfully'}
2025-08-14 06:01:20,315 - {'message': 'Stock ULTCEM subscribed successfully'}
2025-08-14 06:01:20,429 - {'message': 'Stock TITIND subscribed successfully'}
2025-08-14 06:01:20,537 - {'message': 'Stock BHAELE subscribed successfully'}
2025-08-14 06:01:20,649 - {'message': 'Stock TATMOT subscribed successfully'}
2025-08-14 06:01:20,758 - {'message': 'Stock TATSTE subscribed successfully'}
2025-08-14 06:01:20,870 - {'message': 'Stock POWGRI subscribed successfully'}
2025-08-14 06:01:20,981 - {'message': 'Stock TRENT subscribed successfully'}
2025-08-14 06:01:21,089 - {'message': 'Stock ASIPAI subscribed successfully'}
2025-08-14 06:01:21,199 - {'message': 'Stock JIOFIN subscribed successfully'}
2025-08-14 06:01:21,326 - {'message': 'Stock GRASIM subscribed successfully'}
2025-08-14 06:01:21,436 - {'message': 'Stock BAFINS subscribed successfully'}
2025-08-14 06:01:21,546 - {'message': 'Stock HINDAL subscribed successfully'}
2025-08-14 06:01:21,666 - {'message': 'Stock JSWSTE subscribed successfully'}
2025-08-14 06:01:21,778 - {'message': 'Stock ADAPOR subscribed successfully'}
2025-08-14 06:01:21,888 - {'message': 'Stock TECMAH subscribed successfully'}
2025-08-14 06:01:21,999 - {'message': 'Stock ONGC subscribed successfully'}
2025-08-14 06:01:22,107 - {'message': 'Stock BAAUTO subscribed successfully'}
2025-08-14 06:01:22,225 - {'message': 'Stock CIPLA subscribed successfully'}
2025-08-14 06:01:22,335 - {'message': 'Stock COALIN subscribed successfully'}
2025-08-14 06:01:22,448 - {'message': 'Stock SHRTRA subscribed successfully'}
2025-08-14 06:01:22,557 - {'message': 'Stock HDFSTA subscribed successfully'}
2025-08-14 06:01:22,690 - {'message': 'Stock SBILIF subscribed successfully'}
2025-08-14 06:01:22,799 - {'message': 'Stock APOHOS subscribed successfully'}
2025-08-14 06:01:22,913 - {'message': 'Stock NESIND subscribed successfully'}
2025-08-14 06:01:23,023 - {'message': 'Stock EICMOT subscribed successfully'}
2025-08-14 06:01:23,133 - {'message': 'Stock DRREDD subscribed successfully'}
2025-08-14 06:01:23,241 - {'message': 'Stock WIPRO subscribed successfully'}
2025-08-14 06:01:23,353 - {'message': 'Stock TATGLO subscribed successfully'}
2025-08-14 06:01:23,463 - {'message': 'Stock HERHON subscribed successfully'}
2025-08-14 06:01:23,572 - {'message': 'Stock ADAENT subscribed successfully'}
2025-08-14 06:01:23,681 - {'message': 'Stock INDBA subscribed successfully'}
2025-08-14 06:04:48,866 - {'message': 'Stock NIFTY subscribed successfully'}
2025-08-14 06:04:48,969 - {'message': 'Stock NIFTY subscribed successfully'}
2025-08-14 06:04:49,091 - {'message': 'Stock NIFTY subscribed successfully'}
2025-08-14 06:04:49,193 - {'message': 'Stock NIFTY subscribed successfully'}
2025-08-14 06:04:49,314 - {'message': 'Stock NIFTY subscribed successfully'}
2025-08-14 06:04:49,416 - {'message': 'Stock NIFTY subscribed successfully'}
2025-08-14 06:04:49,535 - {'message': 'Stock NIFTY subscribed successfully'}
2025-08-14 06:04:49,637 - {'message': 'Stock NIFTY subscribed successfully'}
2025-08-14 06:04:49,757 - {'message': 'Stock NIFTY subscribed successfully'}
2025-08-14 06:04:49,860 - {'message': 'Stock NIFTY subscribed successfully'}
2025-08-14 06:04:49,980 - {'message': 'Stock NIFTY subscribed successfully'}
2025-08-14 06:04:50,082 - {'message': 'Stock NIFTY subscribed successfully'}
2025-08-14 06:04:50,203 - {'message': 'Stock NIFTY subscribed successfully'}
2025-08-14 06:04:50,305 - {'message': 'Stock NIFTY subscribed successfully'}
2025-08-14 06:04:50,426 - {'message': 'Stock NIFTY subscribed successfully'}
2025-08-14 06:04:50,529 - {'message': 'Stock NIFTY subscribed successfully'}
2025-08-14 06:04:50,649 - {'message': 'Stock NIFTY subscribed successfully'}
2025-08-14 06:04:50,751 - {'message': 'Stock NIFTY subscribed successfully'}
2025-08-14 06:04:50,871 - {'message': 'Stock NIFTY subscribed successfully'}
2025-08-14 06:04:50,972 - {'message': 'Stock NIFTY subscribed successfully'}
2025-08-14 06:04:51,095 - {'message': 'Stock NIFTY subscribed successfully'}
2025-08-14 06:04:51,196 - {'message': 'Stock NIFTY subscribed successfully'}
2025-08-14 06:04:51,316 - {'message': 'Stock NIFTY subscribed successfully'}
2025-08-14 06:04:51,419 - {'message': 'Stock NIFTY subscribed successfully'}
2025-08-14 06:04:51,540 - {'message': 'Stock NIFTY subscribed successfully'}
2025-08-14 06:04:51,642 - {'message': 'Stock NIFTY subscribed successfully'}
2025-08-14 06:04:51,762 - {'message': 'Stock NIFTY subscribed successfully'}
2025-08-14 06:04:51,865 - {'message': 'Stock NIFTY subscribed successfully'}
2025-08-14 06:04:51,982 - {'message': 'Stock NIFTY subscribed successfully'}
2025-08-14 06:04:52,084 - {'message': 'Stock NIFTY subscribed successfully'}
2025-08-14 06:04:52,203 - {'message': 'Stock NIFTY subscribed successfully'}
2025-08-14 06:04:52,306 - {'message': 'Stock NIFTY subscribed successfully'}
2025-08-14 06:04:52,426 - {'message': 'Stock NIFTY subscribed successfully'}
2025-08-14 06:04:52,527 - {'message': 'Stock NIFTY subscribed successfully'}
2025-08-14 06:06:07,876 - {'message': 'Stock HDFBAN subscribed successfully'}
2025-08-14 06:06:07,986 - {'message': 'Stock ICIBAN subscribed successfully'}
2025-08-14 06:06:08,094 - {'message': 'Stock RELIND subscribed successfully'}
2025-08-14 06:06:08,204 - {'message': 'Stock INFTEC subscribed successfully'}
2025-08-14 06:06:08,310 - {'message': 'Stock BHAAIR subscribed successfully'}
2025-08-14 06:06:08,423 - {'message': 'Stock LARTOU subscribed successfully'}
2025-08-14 06:06:08,533 - {'message': 'Stock ITC subscribed successfully'}
2025-08-14 06:06:08,645 - {'message': 'Stock STABAN subscribed successfully'}
2025-08-14 06:06:08,763 - {'message': 'Stock TCS subscribed successfully'}
2025-08-14 06:06:08,871 - {'message': 'Stock AXIBAN subscribed successfully'}
2025-08-14 06:06:08,981 - {'message': 'Stock KOTMAH subscribed successfully'}
2025-08-14 06:06:09,091 - {'message': 'Stock MAHMAH subscribed successfully'}
2025-08-14 06:06:09,201 - {'message': 'Stock BAJFI subscribed successfully'}
2025-08-14 06:06:09,310 - {'message': 'Stock HINLEV subscribed successfully'}
2025-08-14 06:06:09,420 - {'message': 'Stock ZOMLIM subscribed successfully'}
2025-08-14 06:06:09,531 - {'message': 'Stock SUNPHA subscribed successfully'}
2025-08-14 06:06:09,640 - {'message': 'Stock MARUTI subscribed successfully'}
2025-08-14 06:06:09,748 - {'message': 'Stock NTPC subscribed successfully'}
2025-08-14 06:06:09,857 - {'message': 'Stock HCLTEC subscribed successfully'}
2025-08-14 06:06:09,966 - {'message': 'Stock ULTCEM subscribed successfully'}
2025-08-14 06:06:10,083 - {'message': 'Stock TITIND subscribed successfully'}
2025-08-14 06:06:10,192 - {'message': 'Stock BHAELE subscribed successfully'}
2025-08-14 06:06:10,300 - {'message': 'Stock TATMOT subscribed successfully'}
2025-08-14 06:06:10,409 - {'message': 'Stock TATSTE subscribed successfully'}
2025-08-14 06:06:10,518 - {'message': 'Stock POWGRI subscribed successfully'}
2025-08-14 06:06:10,628 - {'message': 'Stock TRENT subscribed successfully'}
2025-08-14 06:06:10,738 - {'message': 'Stock ASIPAI subscribed successfully'}
2025-08-14 06:06:10,847 - {'message': 'Stock JIOFIN subscribed successfully'}
2025-08-14 06:06:10,983 - {'message': 'Stock GRASIM subscribed successfully'}
2025-08-14 06:06:11,095 - {'message': 'Stock BAFINS subscribed successfully'}
2025-08-14 06:06:11,206 - {'message': 'Stock HINDAL subscribed successfully'}
2025-08-14 06:06:11,314 - {'message': 'Stock JSWSTE subscribed successfully'}
2025-08-14 06:06:11,422 - {'message': 'Stock ADAPOR subscribed successfully'}
2025-08-14 06:06:11,533 - {'message': 'Stock TECMAH subscribed successfully'}
2025-08-14 06:06:11,644 - {'message': 'Stock ONGC subscribed successfully'}
2025-08-14 06:06:11,753 - {'message': 'Stock BAAUTO subscribed successfully'}
2025-08-14 06:06:11,861 - {'message': 'Stock CIPLA subscribed successfully'}
2025-08-14 06:06:11,965 - {'message': 'Stock COALIN subscribed successfully'}
2025-08-14 06:06:12,076 - {'message': 'Stock SHRTRA subscribed successfully'}
2025-08-14 06:06:12,184 - {'message': 'Stock HDFSTA subscribed successfully'}
2025-08-14 06:06:12,294 - {'message': 'Stock SBILIF subscribed successfully'}
2025-08-14 06:06:12,407 - {'message': 'Stock APOHOS subscribed successfully'}
2025-08-14 06:06:12,516 - {'message': 'Stock NESIND subscribed successfully'}
2025-08-14 06:06:12,633 - {'message': 'Stock EICMOT subscribed successfully'}
2025-08-14 06:06:12,741 - {'message': 'Stock DRREDD subscribed successfully'}
2025-08-14 06:06:12,861 - {'message': 'Stock WIPRO subscribed successfully'}
2025-08-14 06:06:12,970 - {'message': 'Stock TATGLO subscribed successfully'}
2025-08-14 06:06:13,080 - {'message': 'Stock HERHON subscribed successfully'}
2025-08-14 06:06:13,190 - {'message': 'Stock ADAENT subscribed successfully'}
2025-08-14 06:06:13,297 - {'message': 'Stock INDBA subscribed successfully'}
2025-08-14 06:10:07,283 - {'message': 'Stock NIFTY subscribed successfully'}
2025-08-14 06:10:07,390 - {'message': 'Stock NIFTY subscribed successfully'}
2025-08-14 06:10:07,552 - {'message': 'Stock NIFTY subscribed successfully'}
2025-08-14 06:10:07,656 - {'message': 'Stock NIFTY subscribed successfully'}
2025-08-14 06:10:07,825 - {'message': 'Stock NIFTY subscribed successfully'}
2025-08-14 06:10:07,928 - {'message': 'Stock NIFTY subscribed successfully'}
2025-08-14 06:10:08,087 - {'message': 'Stock NIFTY subscribed successfully'}
2025-08-14 06:10:08,192 - {'message': 'Stock NIFTY subscribed successfully'}
2025-08-14 06:10:08,355 - {'message': 'Stock NIFTY subscribed successfully'}
2025-08-14 06:10:08,462 - {'message': 'Stock NIFTY subscribed successfully'}
2025-08-14 06:10:08,615 - {'message': 'Stock NIFTY subscribed successfully'}
2025-08-14 06:10:08,719 - {'message': 'Stock NIFTY subscribed successfully'}
2025-08-14 06:10:08,877 - {'message': 'Stock NIFTY subscribed successfully'}
2025-08-14 06:10:08,981 - {'message': 'Stock NIFTY subscribed successfully'}
2025-08-14 06:10:09,145 - {'message': 'Stock NIFTY subscribed successfully'}
2025-08-14 06:10:09,249 - {'message': 'Stock NIFTY subscribed successfully'}
2025-08-14 06:10:09,416 - {'message': 'Stock NIFTY subscribed successfully'}
2025-08-14 06:10:09,519 - {'message': 'Stock NIFTY subscribed successfully'}
2025-08-14 06:10:09,695 - {'message': 'Stock NIFTY subscribed successfully'}
2025-08-14 06:10:09,798 - {'message': 'Stock NIFTY subscribed successfully'}
2025-08-14 06:10:09,954 - {'message': 'Stock NIFTY subscribed successfully'}
2025-08-14 06:10:10,059 - {'message': 'Stock NIFTY subscribed successfully'}
2025-08-14 06:10:10,222 - {'message': 'Stock NIFTY subscribed successfully'}
2025-08-14 06:10:10,326 - {'message': 'Stock NIFTY subscribed successfully'}
2025-08-14 06:10:10,490 - {'message': 'Stock NIFTY subscribed successfully'}
2025-08-14 06:10:10,594 - {'message': 'Stock NIFTY subscribed successfully'}
2025-08-14 06:10:10,760 - {'message': 'Stock NIFTY subscribed successfully'}
2025-08-14 06:10:10,865 - {'message': 'Stock NIFTY subscribed successfully'}
2025-08-14 06:10:11,042 - {'message': 'Stock NIFTY subscribed successfully'}
2025-08-14 06:10:11,147 - {'message': 'Stock NIFTY subscribed successfully'}
2025-08-14 06:10:11,308 - {'message': 'Stock NIFTY subscribed successfully'}
2025-08-14 06:10:11,412 - {'message': 'Stock NIFTY subscribed successfully'}
2025-08-14 06:10:11,576 - {'message': 'Stock NIFTY subscribed successfully'}
2025-08-14 06:10:11,679 - {'message': 'Stock NIFTY subscribed successfully'}
2025-08-14 06:15:38,922 - {'message': 'Stock NIFTY subscribed successfully'}
2025-08-14 06:15:39,127 - {'message': 'Stock NIFTY subscribed successfully'}
2025-08-14 06:19:19,029 - {'message': 'Stock HDFBAN subscribed successfully'}
2025-08-14 06:19:19,162 - {'message': 'Stock ICIBAN subscribed successfully'}
2025-08-14 06:19:19,295 - {'message': 'Stock RELIND subscribed successfully'}
2025-08-14 06:19:19,428 - {'message': 'Stock INFTEC subscribed successfully'}
2025-08-14 06:19:19,551 - {'message': 'Stock BHAAIR subscribed successfully'}
2025-08-14 06:19:19,687 - {'message': 'Stock LARTOU subscribed successfully'}
2025-08-14 06:19:19,813 - {'message': 'Stock ITC subscribed successfully'}
2025-08-14 06:19:19,950 - {'message': 'Stock STABAN subscribed successfully'}
2025-08-14 06:19:20,073 - {'message': 'Stock TCS subscribed successfully'}
2025-08-14 06:19:20,209 - {'message': 'Stock AXIBAN subscribed successfully'}
2025-08-14 06:19:20,325 - {'message': 'Stock KOTMAH subscribed successfully'}
2025-08-14 06:19:20,460 - {'message': 'Stock MAHMAH subscribed successfully'}
2025-08-14 06:19:20,585 - {'message': 'Stock BAJFI subscribed successfully'}
2025-08-14 06:19:20,715 - {'message': 'Stock HINLEV subscribed successfully'}
2025-08-14 06:19:20,842 - {'message': 'Stock ZOMLIM subscribed successfully'}
2025-08-14 06:19:20,975 - {'message': 'Stock SUNPHA subscribed successfully'}
2025-08-14 06:19:21,102 - {'message': 'Stock MARUTI subscribed successfully'}
2025-08-14 06:19:21,238 - {'message': 'Stock NTPC subscribed successfully'}
2025-08-14 06:19:21,366 - {'message': 'Stock HCLTEC subscribed successfully'}
2025-08-14 06:19:21,495 - {'message': 'Stock ULTCEM subscribed successfully'}
2025-08-14 06:19:21,620 - {'message': 'Stock TITIND subscribed successfully'}
2025-08-14 06:19:21,754 - {'message': 'Stock BHAELE subscribed successfully'}
2025-08-14 06:19:21,876 - {'message': 'Stock TATMOT subscribed successfully'}
2025-08-14 06:19:22,009 - {'message': 'Stock TATSTE subscribed successfully'}
2025-08-14 06:19:22,137 - {'message': 'Stock POWGRI subscribed successfully'}
2025-08-14 06:19:22,272 - {'message': 'Stock TRENT subscribed successfully'}
2025-08-14 06:19:22,398 - {'message': 'Stock ASIPAI subscribed successfully'}
2025-08-14 06:19:22,533 - {'message': 'Stock JIOFIN subscribed successfully'}
2025-08-14 06:19:22,659 - {'message': 'Stock GRASIM subscribed successfully'}
2025-08-14 06:19:22,793 - {'message': 'Stock BAFINS subscribed successfully'}
2025-08-14 06:19:22,920 - {'message': 'Stock HINDAL subscribed successfully'}
2025-08-14 06:19:23,054 - {'message': 'Stock JSWSTE subscribed successfully'}
2025-08-14 06:19:23,180 - {'message': 'Stock ADAPOR subscribed successfully'}
2025-08-14 06:19:23,315 - {'message': 'Stock TECMAH subscribed successfully'}
2025-08-14 06:19:23,440 - {'message': 'Stock ONGC subscribed successfully'}
2025-08-14 06:19:23,570 - {'message': 'Stock BAAUTO subscribed successfully'}
2025-08-14 06:19:23,698 - {'message': 'Stock CIPLA subscribed successfully'}
2025-08-14 06:19:23,834 - {'message': 'Stock COALIN subscribed successfully'}
2025-08-14 06:19:23,958 - {'message': 'Stock SHRTRA subscribed successfully'}
2025-08-14 06:19:24,093 - {'message': 'Stock HDFSTA subscribed successfully'}
2025-08-14 06:19:24,218 - {'message': 'Stock SBILIF subscribed successfully'}
2025-08-14 06:19:24,351 - {'message': 'Stock APOHOS subscribed successfully'}
2025-08-14 06:19:24,478 - {'message': 'Stock NESIND subscribed successfully'}
2025-08-14 06:19:24,609 - {'message': 'Stock EICMOT subscribed successfully'}
2025-08-14 06:19:24,738 - {'message': 'Stock DRREDD subscribed successfully'}
2025-08-14 06:19:24,869 - {'message': 'Stock WIPRO subscribed successfully'}
2025-08-14 06:19:25,022 - {'message': 'Stock TATGLO subscribed successfully'}
2025-08-14 06:19:25,153 - {'message': 'Stock HERHON subscribed successfully'}
2025-08-14 06:19:25,279 - {'message': 'Stock ADAENT subscribed successfully'}
2025-08-14 06:19:25,413 - {'message': 'Stock INDBA subscribed successfully'}
2025-08-14 06:31:30,101 - {'message': 'Stock NIFTY subscribed successfully'}
2025-08-14 06:31:30,206 - {'message': 'Stock NIFTY subscribed successfully'}
2025-08-14 06:31:30,379 - {'message': 'Stock NIFTY subscribed successfully'}
2025-08-14 06:31:30,482 - {'message': 'Stock NIFTY subscribed successfully'}
2025-08-14 06:31:30,639 - {'message': 'Stock NIFTY subscribed successfully'}
2025-08-14 06:31:30,743 - {'message': 'Stock NIFTY subscribed successfully'}
2025-08-14 06:31:30,908 - {'message': 'Stock NIFTY subscribed successfully'}
2025-08-14 06:31:31,012 - {'message': 'Stock NIFTY subscribed successfully'}
2025-08-14 06:31:31,187 - {'message': 'Stock NIFTY subscribed successfully'}
2025-08-14 06:31:31,290 - {'message': 'Stock NIFTY subscribed successfully'}
2025-08-14 06:31:31,453 - {'message': 'Stock NIFTY subscribed successfully'}
2025-08-14 06:31:31,556 - {'message': 'Stock NIFTY subscribed successfully'}
2025-08-14 06:31:31,722 - {'message': 'Stock NIFTY subscribed successfully'}
2025-08-14 06:31:31,826 - {'message': 'Stock NIFTY subscribed successfully'}
2025-08-14 06:31:31,990 - {'message': 'Stock NIFTY subscribed successfully'}
2025-08-14 06:31:32,093 - {'message': 'Stock NIFTY subscribed successfully'}
2025-08-14 06:31:32,259 - {'message': 'Stock NIFTY subscribed successfully'}
2025-08-14 06:31:32,364 - {'message': 'Stock NIFTY subscribed successfully'}
2025-08-14 06:31:32,541 - {'message': 'Stock NIFTY subscribed successfully'}
2025-08-14 06:31:32,645 - {'message': 'Stock NIFTY subscribed successfully'}
2025-08-14 06:31:32,810 - {'message': 'Stock NIFTY subscribed successfully'}
2025-08-14 06:31:32,916 - {'message': 'Stock NIFTY subscribed successfully'}
2025-08-14 06:31:33,053 - {'message': 'Stock NIFTY subscribed successfully'}
2025-08-14 06:31:33,156 - {'message': 'Stock NIFTY subscribed successfully'}
2025-08-14 06:31:33,312 - {'message': 'Stock NIFTY subscribed successfully'}
2025-08-14 06:31:33,416 - {'message': 'Stock NIFTY subscribed successfully'}
2025-08-14 06:31:33,580 - {'message': 'Stock NIFTY subscribed successfully'}
2025-08-14 06:31:33,684 - {'message': 'Stock NIFTY subscribed successfully'}
2025-08-14 06:31:33,865 - {'message': 'Stock NIFTY subscribed successfully'}
2025-08-14 06:31:33,971 - {'message': 'Stock NIFTY subscribed successfully'}
2025-08-14 06:31:34,131 - {'message': 'Stock NIFTY subscribed successfully'}
2025-08-14 06:31:34,235 - {'message': 'Stock NIFTY subscribed successfully'}
2025-08-14 06:31:34,412 - {'message': 'Stock NIFTY subscribed successfully'}
2025-08-14 06:31:34,516 - {'message': 'Stock NIFTY subscribed successfully'}
2025-08-14 06:36:34,333 - {'message': 'Stock NIFTY subscribed successfully'}
2025-08-14 06:36:34,538 - {'message': 'Stock NIFTY subscribed successfully'}
2025-08-14 06:36:50,547 - {'message': 'Stock HDFBAN subscribed successfully'}
2025-08-14 06:36:50,682 - {'message': 'Stock ICIBAN subscribed successfully'}
2025-08-14 06:36:50,808 - {'message': 'Stock RELIND subscribed successfully'}
2025-08-14 06:36:50,941 - {'message': 'Stock INFTEC subscribed successfully'}
2025-08-14 06:36:51,073 - {'message': 'Stock BHAAIR subscribed successfully'}
2025-08-14 06:36:51,206 - {'message': 'Stock LARTOU subscribed successfully'}
2025-08-14 06:36:51,331 - {'message': 'Stock ITC subscribed successfully'}
2025-08-14 06:36:51,465 - {'message': 'Stock STABAN subscribed successfully'}
2025-08-14 06:36:51,592 - {'message': 'Stock TCS subscribed successfully'}
2025-08-14 06:36:51,729 - {'message': 'Stock AXIBAN subscribed successfully'}
2025-08-14 06:36:51,845 - {'message': 'Stock KOTMAH subscribed successfully'}
2025-08-14 06:36:51,979 - {'message': 'Stock MAHMAH subscribed successfully'}
2025-08-14 06:36:52,108 - {'message': 'Stock BAJFI subscribed successfully'}
2025-08-14 06:36:52,238 - {'message': 'Stock HINLEV subscribed successfully'}
2025-08-14 06:36:52,367 - {'message': 'Stock ZOMLIM subscribed successfully'}
2025-08-14 06:36:52,530 - {'message': 'Stock SUNPHA subscribed successfully'}
2025-08-14 06:36:52,654 - {'message': 'Stock MARUTI subscribed successfully'}
2025-08-14 06:36:52,790 - {'message': 'Stock NTPC subscribed successfully'}
2025-08-14 06:36:52,913 - {'message': 'Stock HCLTEC subscribed successfully'}
2025-08-14 06:36:53,051 - {'message': 'Stock ULTCEM subscribed successfully'}
2025-08-14 06:36:53,180 - {'message': 'Stock TITIND subscribed successfully'}
2025-08-14 06:36:53,313 - {'message': 'Stock BHAELE subscribed successfully'}
2025-08-14 06:36:53,440 - {'message': 'Stock TATMOT subscribed successfully'}
2025-08-14 06:36:53,573 - {'message': 'Stock TATSTE subscribed successfully'}
2025-08-14 06:36:53,699 - {'message': 'Stock POWGRI subscribed successfully'}
2025-08-14 06:36:53,837 - {'message': 'Stock TRENT subscribed successfully'}
2025-08-14 06:36:53,959 - {'message': 'Stock ASIPAI subscribed successfully'}
2025-08-14 06:36:54,093 - {'message': 'Stock JIOFIN subscribed successfully'}
2025-08-14 06:36:54,220 - {'message': 'Stock GRASIM subscribed successfully'}
2025-08-14 06:36:54,349 - {'message': 'Stock BAFINS subscribed successfully'}
2025-08-14 06:36:54,477 - {'message': 'Stock HINDAL subscribed successfully'}
2025-08-14 06:36:54,608 - {'message': 'Stock JSWSTE subscribed successfully'}
2025-08-14 06:36:54,734 - {'message': 'Stock ADAPOR subscribed successfully'}
2025-08-14 06:36:54,864 - {'message': 'Stock TECMAH subscribed successfully'}
2025-08-14 06:36:54,988 - {'message': 'Stock ONGC subscribed successfully'}
2025-08-14 06:36:55,151 - {'message': 'Stock BAAUTO subscribed successfully'}
2025-08-14 06:36:55,277 - {'message': 'Stock CIPLA subscribed successfully'}
2025-08-14 06:36:55,408 - {'message': 'Stock COALIN subscribed successfully'}
2025-08-14 06:36:55,534 - {'message': 'Stock SHRTRA subscribed successfully'}
2025-08-14 06:36:55,666 - {'message': 'Stock HDFSTA subscribed successfully'}
2025-08-14 06:36:55,792 - {'message': 'Stock SBILIF subscribed successfully'}
2025-08-14 06:36:55,918 - {'message': 'Stock APOHOS subscribed successfully'}
2025-08-14 06:36:56,044 - {'message': 'Stock NESIND subscribed successfully'}
2025-08-14 06:36:56,175 - {'message': 'Stock EICMOT subscribed successfully'}
2025-08-14 06:36:56,305 - {'message': 'Stock DRREDD subscribed successfully'}
2025-08-14 06:36:56,440 - {'message': 'Stock WIPRO subscribed successfully'}
2025-08-14 06:36:56,566 - {'message': 'Stock TATGLO subscribed successfully'}
2025-08-14 06:36:56,695 - {'message': 'Stock HERHON subscribed successfully'}
2025-08-14 06:36:56,823 - {'message': 'Stock ADAENT subscribed successfully'}
2025-08-14 06:36:56,956 - {'message': 'Stock INDBA subscribed successfully'}
2025-08-14 07:02:20,808 - {'message': 'Stock NIFTY subscribed successfully'}
2025-08-14 07:02:20,914 - {'message': 'Stock NIFTY subscribed successfully'}
2025-08-14 07:02:21,069 - {'message': 'Stock NIFTY subscribed successfully'}
2025-08-14 07:02:21,172 - {'message': 'Stock NIFTY subscribed successfully'}
2025-08-14 07:02:21,314 - {'message': 'Stock NIFTY subscribed successfully'}
2025-08-14 07:02:21,420 - {'message': 'Stock NIFTY subscribed successfully'}
2025-08-14 07:02:21,575 - {'message': 'Stock NIFTY subscribed successfully'}
2025-08-14 07:02:21,679 - {'message': 'Stock NIFTY subscribed successfully'}
2025-08-14 07:02:21,853 - {'message': 'Stock NIFTY subscribed successfully'}
2025-08-14 07:02:21,956 - {'message': 'Stock NIFTY subscribed successfully'}
2025-08-14 07:02:22,114 - {'message': 'Stock NIFTY subscribed successfully'}
2025-08-14 07:02:22,221 - {'message': 'Stock NIFTY subscribed successfully'}
2025-08-14 07:02:22,382 - {'message': 'Stock NIFTY subscribed successfully'}
2025-08-14 07:02:22,486 - {'message': 'Stock NIFTY subscribed successfully'}
2025-08-14 07:02:22,649 - {'message': 'Stock NIFTY subscribed successfully'}
2025-08-14 07:02:22,752 - {'message': 'Stock NIFTY subscribed successfully'}
2025-08-14 07:02:22,916 - {'message': 'Stock NIFTY subscribed successfully'}
2025-08-14 07:02:23,021 - {'message': 'Stock NIFTY subscribed successfully'}
2025-08-14 07:02:23,186 - {'message': 'Stock NIFTY subscribed successfully'}
2025-08-14 07:02:23,290 - {'message': 'Stock NIFTY subscribed successfully'}
2025-08-14 07:02:23,457 - {'message': 'Stock NIFTY subscribed successfully'}
2025-08-14 07:02:23,563 - {'message': 'Stock NIFTY subscribed successfully'}
2025-08-14 07:02:23,716 - {'message': 'Stock NIFTY subscribed successfully'}
2025-08-14 07:02:23,821 - {'message': 'Stock NIFTY subscribed successfully'}
2025-08-14 07:02:23,977 - {'message': 'Stock NIFTY subscribed successfully'}
2025-08-14 07:02:24,080 - {'message': 'Stock NIFTY subscribed successfully'}
2025-08-14 07:02:24,247 - {'message': 'Stock NIFTY subscribed successfully'}
2025-08-14 07:02:24,354 - {'message': 'Stock NIFTY subscribed successfully'}
2025-08-14 07:02:24,525 - {'message': 'Stock NIFTY subscribed successfully'}
2025-08-14 07:02:24,628 - {'message': 'Stock NIFTY subscribed successfully'}
2025-08-14 07:02:24,799 - {'message': 'Stock NIFTY subscribed successfully'}
2025-08-14 07:02:24,903 - {'message': 'Stock NIFTY subscribed successfully'}
2025-08-14 07:02:25,059 - {'message': 'Stock NIFTY subscribed successfully'}
2025-08-14 07:02:25,164 - {'message': 'Stock NIFTY subscribed successfully'}
2025-08-14 07:07:22,393 - {'message': 'Stock NIFTY subscribed successfully'}
2025-08-14 07:07:22,599 - {'message': 'Stock NIFTY subscribed successfully'}
2025-08-14 07:07:53,125 - {'message': 'Stock HDFBAN subscribed successfully'}
2025-08-14 07:07:53,258 - {'message': 'Stock ICIBAN subscribed successfully'}
2025-08-14 07:07:53,392 - {'message': 'Stock RELIND subscribed successfully'}
2025-08-14 07:07:53,525 - {'message': 'Stock INFTEC subscribed successfully'}
2025-08-14 07:07:53,650 - {'message': 'Stock BHAAIR subscribed successfully'}
2025-08-14 07:07:53,811 - {'message': 'Stock LARTOU subscribed successfully'}
2025-08-14 07:07:53,925 - {'message': 'Stock ITC subscribed successfully'}
2025-08-14 07:07:54,055 - {'message': 'Stock STABAN subscribed successfully'}
2025-08-14 07:07:54,179 - {'message': 'Stock TCS subscribed successfully'}
2025-08-14 07:07:54,315 - {'message': 'Stock AXIBAN subscribed successfully'}
2025-08-14 07:07:54,437 - {'message': 'Stock KOTMAH subscribed successfully'}
2025-08-14 07:07:54,571 - {'message': 'Stock MAHMAH subscribed successfully'}
2025-08-14 07:07:54,698 - {'message': 'Stock BAJFI subscribed successfully'}
2025-08-14 07:07:54,833 - {'message': 'Stock HINLEV subscribed successfully'}
2025-08-14 07:07:54,959 - {'message': 'Stock ZOMLIM subscribed successfully'}
2025-08-14 07:07:55,094 - {'message': 'Stock SUNPHA subscribed successfully'}
2025-08-14 07:07:55,219 - {'message': 'Stock MARUTI subscribed successfully'}
2025-08-14 07:07:55,353 - {'message': 'Stock NTPC subscribed successfully'}
2025-08-14 07:07:55,479 - {'message': 'Stock HCLTEC subscribed successfully'}
2025-08-14 07:07:55,607 - {'message': 'Stock ULTCEM subscribed successfully'}
2025-08-14 07:07:55,726 - {'message': 'Stock TITIND subscribed successfully'}
2025-08-14 07:07:55,863 - {'message': 'Stock BHAELE subscribed successfully'}
2025-08-14 07:07:55,990 - {'message': 'Stock TATMOT subscribed successfully'}
2025-08-14 07:07:56,127 - {'message': 'Stock TATSTE subscribed successfully'}
2025-08-14 07:07:56,245 - {'message': 'Stock POWGRI subscribed successfully'}
2025-08-14 07:07:56,378 - {'message': 'Stock TRENT subscribed successfully'}
2025-08-14 07:07:56,527 - {'message': 'Stock ASIPAI subscribed successfully'}
2025-08-14 07:07:56,663 - {'message': 'Stock JIOFIN subscribed successfully'}
2025-08-14 07:07:56,795 - {'message': 'Stock GRASIM subscribed successfully'}
2025-08-14 07:07:56,925 - {'message': 'Stock BAFINS subscribed successfully'}
2025-08-14 07:07:57,049 - {'message': 'Stock HINDAL subscribed successfully'}
2025-08-14 07:07:57,183 - {'message': 'Stock JSWSTE subscribed successfully'}
2025-08-14 07:07:57,311 - {'message': 'Stock ADAPOR subscribed successfully'}
2025-08-14 07:07:57,440 - {'message': 'Stock TECMAH subscribed successfully'}
2025-08-14 07:07:57,572 - {'message': 'Stock ONGC subscribed successfully'}
2025-08-14 07:07:57,703 - {'message': 'Stock BAAUTO subscribed successfully'}
2025-08-14 07:07:57,830 - {'message': 'Stock CIPLA subscribed successfully'}
2025-08-14 07:07:57,964 - {'message': 'Stock COALIN subscribed successfully'}
2025-08-14 07:07:58,087 - {'message': 'Stock SHRTRA subscribed successfully'}
2025-08-14 07:07:58,217 - {'message': 'Stock HDFSTA subscribed successfully'}
2025-08-14 07:07:58,343 - {'message': 'Stock SBILIF subscribed successfully'}
2025-08-14 07:07:58,477 - {'message': 'Stock APOHOS subscribed successfully'}
2025-08-14 07:07:58,601 - {'message': 'Stock NESIND subscribed successfully'}
2025-08-14 07:07:58,731 - {'message': 'Stock EICMOT subscribed successfully'}
2025-08-14 07:07:58,864 - {'message': 'Stock DRREDD subscribed successfully'}
2025-08-14 07:07:58,979 - {'message': 'Stock WIPRO subscribed successfully'}
2025-08-14 07:07:59,103 - {'message': 'Stock TATGLO subscribed successfully'}
2025-08-14 07:07:59,253 - {'message': 'Stock HERHON subscribed successfully'}
2025-08-14 07:07:59,380 - {'message': 'Stock ADAENT subscribed successfully'}
2025-08-14 07:07:59,510 - {'message': 'Stock INDBA subscribed successfully'}
